<?xml version="1.0" encoding="UTF-8"?>
<testng-results skipped="0" failed="0" total="1" passed="1">
  <reporter-output>
  </reporter-output>
  <suite name="Default suite" duration-ms="35760" started-at="2018-01-29T19:59:03Z" finished-at="2018-01-29T19:59:39Z">
    <groups>
    </groups>
    <test name="Default test" duration-ms="35760" started-at="2018-01-29T19:59:03Z" finished-at="2018-01-29T19:59:39Z">
      <class name="test.prueba.PruebaLogin">
        <test-method status="PASS" signature="beforeClass()[pri:0, instance:test.prueba.PruebaLogin@3e2e18f2]" name="beforeClass" is-config="true" duration-ms="13245" started-at="2018-01-29T16:59:03Z" finished-at="2018-01-29T16:59:16Z">
          <reporter-output>
          </reporter-output>
        </test-method> <!-- beforeClass -->
        <test-method status="PASS" signature="f()[pri:0, instance:test.prueba.PruebaLogin@3e2e18f2]" name="f" duration-ms="21270" started-at="2018-01-29T16:59:16Z" finished-at="2018-01-29T16:59:37Z">
          <reporter-output>
          </reporter-output>
        </test-method> <!-- f -->
        <test-method status="PASS" signature="afterClass()[pri:0, instance:test.prueba.PruebaLogin@3e2e18f2]" name="afterClass" is-config="true" duration-ms="1219" started-at="2018-01-29T16:59:37Z" finished-at="2018-01-29T16:59:39Z">
          <reporter-output>
          </reporter-output>
        </test-method> <!-- afterClass -->
      </class> <!-- test.prueba.PruebaLogin -->
    </test> <!-- Default test -->
  </suite> <!-- Default suite -->
</testng-results>
